<?xml version="1.0" encoding="UTF-8"?>
<!-- Generated by org.testng.reporters.JUnitReportReporter -->
<testsuite skipped="0" hostname="DESKTOP-G4AAQPD" name="testNG.SampleTestCase" tests="4" failures="0" timestamp="2024-06-02T12:06:01 IST" time="0.013" errors="0">
  <testcase name="firstTestCase" time="0.009" classname="testNG.SampleTestCase"/>
  <system-out/>
  <testcase name="fourthTestCase" time="0.001" classname="testNG.SampleTestCase"/>
  <system-out/>
  <testcase name="thirdTestCase" time="0.001" classname="testNG.SampleTestCase"/>
  <system-out/>
  <testcase name="secondTestCase" time="0.002" classname="testNG.SampleTestCase"/>
  <system-out/>
</testsuite> <!-- testNG.SampleTestCase -->
